2019-02-21 15:16:03 INFO  BasePage:159 - http://computer-database.herokuapp.com/computers is opened successfully
2019-02-21 15:16:03 INFO  BasePage:105 - Driver waits explicitly until the element with id: add is visible
2019-02-21 15:16:03 INFO  BasePage:109 - Driver waits explicitly until the element with id: add is clickable
2019-02-21 15:16:04 INFO  BasePage:138 - Click is performed on element with id: add
2019-02-21 15:16:04 INFO  BasePage:105 - Driver waits explicitly until the element with xpath: //*[@id='main']/h1 is visible
2019-02-21 15:16:04 INFO  BasePage:254 - Add a computer has been verified successfully in current page
2019-02-21 15:16:04 INFO  BasePage:268 - The element with  id: name is visible
2019-02-21 15:16:04 INFO  BasePage:268 - The element with  id: introduced is visible
2019-02-21 15:16:04 INFO  BasePage:268 - The element with  id: discontinued is visible
2019-02-21 15:16:04 INFO  BasePage:268 - The element with  id: company is visible
2019-02-21 15:16:05 INFO  BasePage:268 - The element with  xpath: //*[@id='main']/form/div/input is visible
2019-02-21 15:16:05 INFO  BasePage:268 - The element with  linkText: Cancel is visible
2019-02-21 15:16:07 INFO  BasePage:175 - Url http://computer-database.herokuapp.com/computers is closed
2019-02-21 15:16:14 INFO  BasePage:159 - http://computer-database.herokuapp.com/computers is opened successfully
2019-02-21 15:16:14 INFO  BasePage:105 - Driver waits explicitly until the element with id: add is visible
2019-02-21 15:16:14 INFO  BasePage:109 - Driver waits explicitly until the element with id: add is clickable
2019-02-21 15:16:15 INFO  BasePage:138 - Click is performed on element with id: add
2019-02-21 15:16:15 INFO  BasePage:292 - String Test1 is send to element with id: name
2019-02-21 15:16:15 INFO  BasePage:292 - String 2019-02-14 is send to element with id: introduced
2019-02-21 15:16:16 INFO  BasePage:292 - String 2019-05-14 is send to element with id: discontinued
2019-02-21 15:16:16 INFO  BasePage:317 - The dropdown option with value: Netronics is selected
2019-02-21 15:16:16 INFO  BasePage:109 - Driver waits explicitly until the element with xpath: //*[@id='main']/form/div/input is clickable
2019-02-21 15:16:17 INFO  BasePage:138 - Click is performed on element with xpath: //*[@id='main']/form/div/input
2019-02-21 15:16:17 INFO  BasePage:105 - Driver waits explicitly until the element with xpath: //*[@id='main']/h1 is visible
2019-02-21 15:16:17 INFO  BasePage:254 - Computer Test1 has been created has been verified successfully in current page
2019-02-21 15:16:19 INFO  BasePage:175 - Url http://computer-database.herokuapp.com/computers is closed
2019-02-21 15:16:27 INFO  BasePage:159 - http://computer-database.herokuapp.com/computers is opened successfully
2019-02-21 15:16:27 INFO  BasePage:105 - Driver waits explicitly until the element with id: add is visible
2019-02-21 15:16:27 INFO  BasePage:109 - Driver waits explicitly until the element with id: add is clickable
2019-02-21 15:16:28 INFO  BasePage:138 - Click is performed on element with id: add
2019-02-21 15:16:29 INFO  BasePage:292 - String Test2 is send to element with id: name
2019-02-21 15:16:31 INFO  BasePage:292 - String 2019-02-11 is send to element with id: introduced
2019-02-21 15:16:31 INFO  BasePage:292 - String 2019-05-15 is send to element with id: discontinued
2019-02-21 15:16:32 INFO  BasePage:317 - The dropdown option with value: RCA is selected
2019-02-21 15:16:32 INFO  BasePage:109 - Driver waits explicitly until the element with xpath: //*[@id='main']/form/div/input is clickable
2019-02-21 15:16:32 INFO  BasePage:138 - Click is performed on element with xpath: //*[@id='main']/form/div/input
2019-02-21 15:16:32 INFO  BasePage:105 - Driver waits explicitly until the element with xpath: //*[@id='main']/h1 is visible
2019-02-21 15:16:32 INFO  BasePage:254 - Computer Test2 has been created has been verified successfully in current page
2019-02-21 15:16:49 INFO  BasePage:175 - Url http://computer-database.herokuapp.com/computers is closed
2019-02-21 15:16:56 INFO  BasePage:159 - http://computer-database.herokuapp.com/computers is opened successfully
2019-02-21 15:16:56 INFO  BasePage:105 - Driver waits explicitly until the element with id: add is visible
2019-02-21 15:16:56 INFO  BasePage:109 - Driver waits explicitly until the element with id: add is clickable
2019-02-21 15:16:57 INFO  BasePage:138 - Click is performed on element with id: add
2019-02-21 15:16:57 INFO  BasePage:292 - String Test1 is send to element with id: name
2019-02-21 15:16:57 INFO  BasePage:292 - String 2019-02-14 is send to element with id: introduced
2019-02-21 15:16:58 INFO  BasePage:292 - String 2019-05-14 is send to element with id: discontinued
2019-02-21 15:16:58 INFO  BasePage:109 - Driver waits explicitly until the element with linkText: Cancel is clickable
2019-02-21 15:16:59 INFO  BasePage:138 - Click is performed on element with linkText: Cancel
2019-02-21 15:16:59 INFO  BasePage:105 - Driver waits explicitly until the element with xpath: //*[@id='main']/h1 is visible
2019-02-21 15:16:59 INFO  BasePage:268 - The element with  xpath: //*[@id='main']/h1 is visible
2019-02-21 15:17:11 INFO  BasePage:175 - Url http://computer-database.herokuapp.com/computers is closed
2019-02-21 15:17:18 INFO  BasePage:159 - http://computer-database.herokuapp.com/computers is opened successfully
2019-02-21 15:17:18 INFO  BasePage:105 - Driver waits explicitly until the element with id: add is visible
2019-02-21 15:17:18 INFO  BasePage:109 - Driver waits explicitly until the element with id: add is clickable
2019-02-21 15:17:18 INFO  BasePage:138 - Click is performed on element with id: add
2019-02-21 15:17:19 INFO  BasePage:292 - String Test1 is send to element with id: name
2019-02-21 15:17:19 INFO  BasePage:292 - String invalidate is send to element with id: introduced
2019-02-21 15:17:19 INFO  BasePage:109 - Driver waits explicitly until the element with xpath: //*[@id='main']/form/div/input is clickable
2019-02-21 15:17:19 INFO  BasePage:138 - Click is performed on element with xpath: //*[@id='main']/form/div/input
2019-02-21 15:17:20 INFO  BasePage:105 - Driver waits explicitly until the element with xpath: //*[@id='main']/h1 is visible
2019-02-21 15:17:20 INFO  BasePage:268 - The element with  xpath: //div[@class='clearfix error'] is visible
2019-02-21 15:17:20 INFO  BasePage:268 - The element with  id: introduced is visible
2019-02-21 15:17:23 INFO  BasePage:175 - Url http://computer-database.herokuapp.com/computers is closed
2019-02-21 15:17:40 INFO  BasePage:159 - http://computer-database.herokuapp.com/computers is opened successfully
2019-02-21 15:17:40 INFO  BasePage:105 - Driver waits explicitly until the element with id: add is visible
2019-02-21 15:17:40 INFO  BasePage:109 - Driver waits explicitly until the element with id: add is clickable
2019-02-21 15:17:41 INFO  BasePage:138 - Click is performed on element with id: add
2019-02-21 15:17:41 INFO  BasePage:292 - String TestingOnlyWithName is send to element with id: name
2019-02-21 15:17:41 INFO  BasePage:109 - Driver waits explicitly until the element with xpath: //*[@id='main']/form/div/input is clickable
2019-02-21 15:17:47 INFO  BasePage:138 - Click is performed on element with xpath: //*[@id='main']/form/div/input
2019-02-21 15:17:47 INFO  BasePage:105 - Driver waits explicitly until the element with xpath: //*[@id='main']/h1 is visible
2019-02-21 15:17:47 INFO  BasePage:254 - Computer TestingOnlyWithName has been created has been verified successfully in current page
2019-02-21 15:17:57 INFO  BasePage:175 - Url http://computer-database.herokuapp.com/computers is closed
2019-02-21 15:18:06 INFO  BasePage:159 - http://computer-database.herokuapp.com/computers is opened successfully
2019-02-21 15:18:06 INFO  BasePage:268 - The element with  id: searchbox is visible
2019-02-21 15:18:06 INFO  BasePage:268 - The element with  id: searchsubmit is visible
2019-02-21 15:18:06 INFO  BasePage:268 - The element with  xpath: //table[@class='computers zebra-striped'] is visible
2019-02-21 15:18:06 INFO  BasePage:268 - The element with  xpath: //li[contains(@class,'prev')] is visible
2019-02-21 15:18:07 INFO  BasePage:268 - The element with  xpath: //li[@class='current'] is visible
2019-02-21 15:18:07 INFO  BasePage:268 - The element with  xpath: //li[@class='next'] is visible
2019-02-21 15:18:07 INFO  BasePage:268 - The element with  id: searchbox is visible
2019-02-21 15:18:07 INFO  BasePage:268 - The element with  id: searchsubmit is visible
2019-02-21 15:18:07 INFO  BasePage:268 - The element with  xpath: //table[@class='computers zebra-striped'] is visible
2019-02-21 15:18:07 INFO  BasePage:268 - The element with  xpath: //li[contains(@class,'prev')] is visible
2019-02-21 15:18:07 INFO  BasePage:268 - The element with  xpath: //li[@class='current'] is visible
2019-02-21 15:18:07 INFO  BasePage:268 - The element with  xpath: //li[@class='next'] is visible
2019-02-21 15:18:22 INFO  BasePage:175 - Url http://computer-database.herokuapp.com/computers is closed
2019-02-21 15:18:29 INFO  BasePage:159 - http://computer-database.herokuapp.com/computers is opened successfully
2019-02-21 15:18:29 INFO  BasePage:105 - Driver waits explicitly until the element with id: searchbox is visible
2019-02-21 15:18:29 INFO  BasePage:292 - String WonderlaEfteling is send to element with id: searchbox
2019-02-21 15:18:29 INFO  BasePage:109 - Driver waits explicitly until the element with id: searchsubmit is clickable
2019-02-21 15:18:29 INFO  BasePage:138 - Click is performed on element with id: searchsubmit
2019-02-21 15:18:30 ERROR BasePage:339 - selectFromTable: Unable to find the element: 
org.openqa.selenium.NoSuchElementException: no such element: Unable to locate element: {"method":"xpath","selector":"//table[@class='computers zebra-striped']"}
  (Session info: chrome=72.0.3626.109)
  (Driver info: chromedriver=2.46.628402 (536cd7adbad73a3783fdc2cab92ab2ba7ec361e1),platform=Windows NT 10.0.17134 x86_64) (WARNING: The server did not provide any stacktrace information)
Command duration or timeout: 0 milliseconds
For documentation on this error, please visit: http://seleniumhq.org/exceptions/no_such_element.html
Build info: version: '3.12.0', revision: '7c6e0b3', time: '2018-05-08T14:04:26.12Z'
System info: host: 'EPPLGDAW0090', ip: '10.0.75.1', os.name: 'Windows 10', os.arch: 'amd64', os.version: '10.0', java.version: '1.8.0_181'
Driver info: org.openqa.selenium.chrome.ChromeDriver
Capabilities {acceptInsecureCerts: false, acceptSslCerts: false, applicationCacheEnabled: false, browserConnectionEnabled: false, browserName: chrome, chrome: {chromedriverVersion: 2.46.628402 (536cd7adbad73a..., userDataDir: C:\Users\LADDU_~1\AppData\L...}, cssSelectorsEnabled: true, databaseEnabled: false, goog:chromeOptions: {debuggerAddress: localhost:56038}, handlesAlerts: true, hasTouchScreen: false, javascriptEnabled: true, locationContextEnabled: true, mobileEmulationEnabled: false, nativeEvents: true, networkConnectionEnabled: false, pageLoadStrategy: normal, platform: XP, platformName: XP, proxy: Proxy(), rotatable: false, setWindowRect: true, strictFileInteractability: false, takesHeapSnapshot: true, takesScreenshot: true, timeouts: {implicit: 0, pageLoad: 300000, script: 30000}, unexpectedAlertBehaviour: ignore, unhandledPromptBehavior: ignore, version: 72.0.3626.109, webStorageEnabled: true}
Session ID: 4acea0c8a6b8cb2670ad168deb86e312
*** Element info: {Using=xpath, value=//table[@class='computers zebra-striped']}
	at objectManager.BasePage.getContentFromSearchResultTable(BasePage.java:339)
	at pages.SearchPage.validateSearchResult(SearchPage.java:45)
	at steps.SearchPageSteps.i_should_see_the_search_results_with_and_and_and(SearchPageSteps.java:34)
	at sun.reflect.NativeMethodAccessorImpl.invoke0(Native Method)
	at sun.reflect.NativeMethodAccessorImpl.invoke(NativeMethodAccessorImpl.java:62)
	at sun.reflect.DelegatingMethodAccessorImpl.invoke(DelegatingMethodAccessorImpl.java:43)
	at java.lang.reflect.Method.invoke(Method.java:498)
	at cucumber.runtime.Utils$1.call(Utils.java:40)
	at cucumber.runtime.Timeout.timeout(Timeout.java:16)
	at cucumber.runtime.Utils.invoke(Utils.java:34)
	at cucumber.runtime.java.JavaStepDefinition.execute(JavaStepDefinition.java:38)
	at cucumber.runtime.StepDefinitionMatch.runStep(StepDefinitionMatch.java:37)
	at cucumber.runtime.Runtime.runStep(Runtime.java:300)
	at cucumber.runtime.model.StepContainer.runStep(StepContainer.java:44)
	at cucumber.runtime.model.StepContainer.runSteps(StepContainer.java:39)
	at cucumber.runtime.model.CucumberScenario.run(CucumberScenario.java:44)
	at cucumber.runtime.junit.ExecutionUnitRunner.run(ExecutionUnitRunner.java:102)
	at org.junit.runners.Suite.runChild(Suite.java:128)
	at org.junit.runners.Suite.runChild(Suite.java:27)
	at org.junit.runners.ParentRunner$3.run(ParentRunner.java:290)
	at org.junit.runners.ParentRunner$1.schedule(ParentRunner.java:71)
	at org.junit.runners.ParentRunner.runChildren(ParentRunner.java:288)
	at org.junit.runners.ParentRunner.access$000(ParentRunner.java:58)
	at org.junit.runners.ParentRunner$2.evaluate(ParentRunner.java:268)
	at org.junit.runners.ParentRunner.run(ParentRunner.java:363)
	at cucumber.runtime.junit.ExamplesRunner.run(ExamplesRunner.java:59)
	at org.junit.runners.Suite.runChild(Suite.java:128)
	at org.junit.runners.Suite.runChild(Suite.java:27)
	at org.junit.runners.ParentRunner$3.run(ParentRunner.java:290)
	at org.junit.runners.ParentRunner$1.schedule(ParentRunner.java:71)
	at org.junit.runners.ParentRunner.runChildren(ParentRunner.java:288)
	at org.junit.runners.ParentRunner.access$000(ParentRunner.java:58)
	at org.junit.runners.ParentRunner$2.evaluate(ParentRunner.java:268)
	at org.junit.runners.ParentRunner.run(ParentRunner.java:363)
	at cucumber.runtime.junit.ScenarioOutlineRunner.run(ScenarioOutlineRunner.java:53)
	at cucumber.runtime.junit.FeatureRunner.runChild(FeatureRunner.java:63)
	at cucumber.runtime.junit.FeatureRunner.runChild(FeatureRunner.java:18)
	at org.junit.runners.ParentRunner$3.run(ParentRunner.java:290)
	at org.junit.runners.ParentRunner$1.schedule(ParentRunner.java:71)
	at org.junit.runners.ParentRunner.runChildren(ParentRunner.java:288)
	at org.junit.runners.ParentRunner.access$000(ParentRunner.java:58)
	at org.junit.runners.ParentRunner$2.evaluate(ParentRunner.java:268)
	at org.junit.runners.ParentRunner.run(ParentRunner.java:363)
	at cucumber.runtime.junit.FeatureRunner.run(FeatureRunner.java:70)
	at cucumber.api.junit.Cucumber.runChild(Cucumber.java:95)
	at cucumber.api.junit.Cucumber.runChild(Cucumber.java:38)
	at org.junit.runners.ParentRunner$3.run(ParentRunner.java:290)
	at org.junit.runners.ParentRunner$1.schedule(ParentRunner.java:71)
	at org.junit.runners.ParentRunner.runChildren(ParentRunner.java:288)
	at org.junit.runners.ParentRunner.access$000(ParentRunner.java:58)
	at org.junit.runners.ParentRunner$2.evaluate(ParentRunner.java:268)
	at org.junit.internal.runners.statements.RunBefores.evaluate(RunBefores.java:26)
	at org.junit.internal.runners.statements.RunAfters.evaluate(RunAfters.java:27)
	at org.junit.runners.ParentRunner.run(ParentRunner.java:363)
	at cucumber.api.junit.Cucumber.run(Cucumber.java:100)
	at org.junit.runner.JUnitCore.run(JUnitCore.java:137)
	at com.intellij.junit4.JUnit4IdeaTestRunner.startRunnerWithArgs(JUnit4IdeaTestRunner.java:68)
	at com.intellij.rt.execution.junit.IdeaTestRunner$Repeater.startRunnerWithArgs(IdeaTestRunner.java:47)
	at com.intellij.rt.execution.junit.JUnitStarter.prepareStreamsAndStart(JUnitStarter.java:242)
	at com.intellij.rt.execution.junit.JUnitStarter.main(JUnitStarter.java:70)
2019-02-21 15:18:32 INFO  BasePage:175 - Url http://computer-database.herokuapp.com/computers is closed
2019-02-21 15:18:38 INFO  BasePage:159 - http://computer-database.herokuapp.com/computers is opened successfully
2019-02-21 15:18:38 INFO  BasePage:105 - Driver waits explicitly until the element with id: searchbox is visible
2019-02-21 15:18:39 INFO  BasePage:292 - String cucumberreporting is send to element with id: searchbox
2019-02-21 15:18:39 INFO  BasePage:109 - Driver waits explicitly until the element with id: searchsubmit is clickable
2019-02-21 15:18:39 INFO  BasePage:138 - Click is performed on element with id: searchsubmit
2019-02-21 15:18:39 ERROR BasePage:339 - selectFromTable: Unable to find the element: 
org.openqa.selenium.NoSuchElementException: no such element: Unable to locate element: {"method":"xpath","selector":"//table[@class='computers zebra-striped']"}
  (Session info: chrome=72.0.3626.109)
  (Driver info: chromedriver=2.46.628402 (536cd7adbad73a3783fdc2cab92ab2ba7ec361e1),platform=Windows NT 10.0.17134 x86_64) (WARNING: The server did not provide any stacktrace information)
Command duration or timeout: 0 milliseconds
For documentation on this error, please visit: http://seleniumhq.org/exceptions/no_such_element.html
Build info: version: '3.12.0', revision: '7c6e0b3', time: '2018-05-08T14:04:26.12Z'
System info: host: 'EPPLGDAW0090', ip: '10.0.75.1', os.name: 'Windows 10', os.arch: 'amd64', os.version: '10.0', java.version: '1.8.0_181'
Driver info: org.openqa.selenium.chrome.ChromeDriver
Capabilities {acceptInsecureCerts: false, acceptSslCerts: false, applicationCacheEnabled: false, browserConnectionEnabled: false, browserName: chrome, chrome: {chromedriverVersion: 2.46.628402 (536cd7adbad73a..., userDataDir: C:\Users\LADDU_~1\AppData\L...}, cssSelectorsEnabled: true, databaseEnabled: false, goog:chromeOptions: {debuggerAddress: localhost:56073}, handlesAlerts: true, hasTouchScreen: false, javascriptEnabled: true, locationContextEnabled: true, mobileEmulationEnabled: false, nativeEvents: true, networkConnectionEnabled: false, pageLoadStrategy: normal, platform: XP, platformName: XP, proxy: Proxy(), rotatable: false, setWindowRect: true, strictFileInteractability: false, takesHeapSnapshot: true, takesScreenshot: true, timeouts: {implicit: 0, pageLoad: 300000, script: 30000}, unexpectedAlertBehaviour: ignore, unhandledPromptBehavior: ignore, version: 72.0.3626.109, webStorageEnabled: true}
Session ID: 773aefd9ac179005d866b4ab1bea7278
*** Element info: {Using=xpath, value=//table[@class='computers zebra-striped']}
	at objectManager.BasePage.getContentFromSearchResultTable(BasePage.java:339)
	at pages.SearchPage.getSearchResult(SearchPage.java:79)
	at steps.SearchPageSteps.i_should_see_the_search_results_as(SearchPageSteps.java:49)
	at sun.reflect.NativeMethodAccessorImpl.invoke0(Native Method)
	at sun.reflect.NativeMethodAccessorImpl.invoke(NativeMethodAccessorImpl.java:62)
	at sun.reflect.DelegatingMethodAccessorImpl.invoke(DelegatingMethodAccessorImpl.java:43)
	at java.lang.reflect.Method.invoke(Method.java:498)
	at cucumber.runtime.Utils$1.call(Utils.java:40)
	at cucumber.runtime.Timeout.timeout(Timeout.java:16)
	at cucumber.runtime.Utils.invoke(Utils.java:34)
	at cucumber.runtime.java.JavaStepDefinition.execute(JavaStepDefinition.java:38)
	at cucumber.runtime.StepDefinitionMatch.runStep(StepDefinitionMatch.java:37)
	at cucumber.runtime.Runtime.runStep(Runtime.java:300)
	at cucumber.runtime.model.StepContainer.runStep(StepContainer.java:44)
	at cucumber.runtime.model.StepContainer.runSteps(StepContainer.java:39)
	at cucumber.runtime.model.CucumberScenario.run(CucumberScenario.java:44)
	at cucumber.runtime.junit.ExecutionUnitRunner.run(ExecutionUnitRunner.java:102)
	at org.junit.runners.Suite.runChild(Suite.java:128)
	at org.junit.runners.Suite.runChild(Suite.java:27)
	at org.junit.runners.ParentRunner$3.run(ParentRunner.java:290)
	at org.junit.runners.ParentRunner$1.schedule(ParentRunner.java:71)
	at org.junit.runners.ParentRunner.runChildren(ParentRunner.java:288)
	at org.junit.runners.ParentRunner.access$000(ParentRunner.java:58)
	at org.junit.runners.ParentRunner$2.evaluate(ParentRunner.java:268)
	at org.junit.runners.ParentRunner.run(ParentRunner.java:363)
	at cucumber.runtime.junit.ExamplesRunner.run(ExamplesRunner.java:59)
	at org.junit.runners.Suite.runChild(Suite.java:128)
	at org.junit.runners.Suite.runChild(Suite.java:27)
	at org.junit.runners.ParentRunner$3.run(ParentRunner.java:290)
	at org.junit.runners.ParentRunner$1.schedule(ParentRunner.java:71)
	at org.junit.runners.ParentRunner.runChildren(ParentRunner.java:288)
	at org.junit.runners.ParentRunner.access$000(ParentRunner.java:58)
	at org.junit.runners.ParentRunner$2.evaluate(ParentRunner.java:268)
	at org.junit.runners.ParentRunner.run(ParentRunner.java:363)
	at cucumber.runtime.junit.ScenarioOutlineRunner.run(ScenarioOutlineRunner.java:53)
	at cucumber.runtime.junit.FeatureRunner.runChild(FeatureRunner.java:63)
	at cucumber.runtime.junit.FeatureRunner.runChild(FeatureRunner.java:18)
	at org.junit.runners.ParentRunner$3.run(ParentRunner.java:290)
	at org.junit.runners.ParentRunner$1.schedule(ParentRunner.java:71)
	at org.junit.runners.ParentRunner.runChildren(ParentRunner.java:288)
	at org.junit.runners.ParentRunner.access$000(ParentRunner.java:58)
	at org.junit.runners.ParentRunner$2.evaluate(ParentRunner.java:268)
	at org.junit.runners.ParentRunner.run(ParentRunner.java:363)
	at cucumber.runtime.junit.FeatureRunner.run(FeatureRunner.java:70)
	at cucumber.api.junit.Cucumber.runChild(Cucumber.java:95)
	at cucumber.api.junit.Cucumber.runChild(Cucumber.java:38)
	at org.junit.runners.ParentRunner$3.run(ParentRunner.java:290)
	at org.junit.runners.ParentRunner$1.schedule(ParentRunner.java:71)
	at org.junit.runners.ParentRunner.runChildren(ParentRunner.java:288)
	at org.junit.runners.ParentRunner.access$000(ParentRunner.java:58)
	at org.junit.runners.ParentRunner$2.evaluate(ParentRunner.java:268)
	at org.junit.internal.runners.statements.RunBefores.evaluate(RunBefores.java:26)
	at org.junit.internal.runners.statements.RunAfters.evaluate(RunAfters.java:27)
	at org.junit.runners.ParentRunner.run(ParentRunner.java:363)
	at cucumber.api.junit.Cucumber.run(Cucumber.java:100)
	at org.junit.runner.JUnitCore.run(JUnitCore.java:137)
	at com.intellij.junit4.JUnit4IdeaTestRunner.startRunnerWithArgs(JUnit4IdeaTestRunner.java:68)
	at com.intellij.rt.execution.junit.IdeaTestRunner$Repeater.startRunnerWithArgs(IdeaTestRunner.java:47)
	at com.intellij.rt.execution.junit.JUnitStarter.prepareStreamsAndStart(JUnitStarter.java:242)
	at com.intellij.rt.execution.junit.JUnitStarter.main(JUnitStarter.java:70)
2019-02-21 15:18:41 INFO  BasePage:175 - Url http://computer-database.herokuapp.com/computers is closed
2019-02-21 15:18:48 INFO  BasePage:159 - http://computer-database.herokuapp.com/computers is opened successfully
2019-02-21 15:18:48 INFO  BasePage:109 - Driver waits explicitly until the element with xpath: //*[@id='main']/table/tbody/tr[1]/td[1]/a is clickable
2019-02-21 15:18:49 INFO  BasePage:138 - Click is performed on element with xpath: //*[@id='main']/table/tbody/tr[1]/td[1]/a
2019-02-21 15:18:49 INFO  BasePage:254 - Edit computer has been verified successfully in current page
2019-02-21 15:18:49 INFO  BasePage:268 - The element with  xpath: //*[@class='btn danger'] is visible
2019-02-21 15:18:49 INFO  BasePage:268 - The element with  xpath: //*[@class='btn primary'] is visible
2019-02-21 15:18:49 INFO  BasePage:105 - Driver waits explicitly until the element with id: discontinued is visible
2019-02-21 15:18:54 INFO  BasePage:175 - Url http://computer-database.herokuapp.com/computers is closed
2019-02-21 15:19:09 INFO  BasePage:159 - http://computer-database.herokuapp.com/computers is opened successfully
2019-02-21 15:19:10 INFO  BasePage:109 - Driver waits explicitly until the element with xpath: //*[@id='main']/table/tbody/tr[1]/td[1]/a is clickable
2019-02-21 15:19:10 INFO  BasePage:138 - Click is performed on element with xpath: //*[@id='main']/table/tbody/tr[1]/td[1]/a
2019-02-21 15:19:10 INFO  BasePage:254 - Edit computer has been verified successfully in current page
2019-02-21 15:19:10 INFO  BasePage:268 - The element with  xpath: //*[@class='btn danger'] is visible
2019-02-21 15:19:10 INFO  BasePage:268 - The element with  xpath: //*[@class='btn primary'] is visible
2019-02-21 15:19:10 INFO  BasePage:188 - The value on the field with id: name is obtained
2019-02-21 15:19:11 INFO  BasePage:109 - Driver waits explicitly until the element with xpath: //*[@class='btn danger'] is clickable
2019-02-21 15:19:11 INFO  BasePage:138 - Click is performed on element with xpath: //*[@class='btn danger']
2019-02-21 15:19:11 INFO  BasePage:254 - Computer has been deleted has been verified successfully in current page
2019-02-21 15:19:14 INFO  BasePage:175 - Url http://computer-database.herokuapp.com/computers is closed
